#1 /var/www/html/web/core/lib/Drupal/Core/Database/Database.php(387): Drupal\Core\Database\Driver\mysql\Connection::open(Array)
#2 /var/www/html/web/core/lib/Drupal/Core/Database/Database.php(169): Drupal\Core\Database\Database::openConnection('default', 'default')
#3 [internal function]: Drupal\Core\Database\Database::getConnection('default')
#4 /var/www/html/web/core/lib/Drupal/Component/DependencyInjection/PhpArrayContainer.php(79): call_user_func_array('Drupal\\Core\\Dat...', Array)
#5 /var/www/html/web/core/lib/Drupal/Component/DependencyInjection/Container.php(176): Drupal\Component\DependencyInjection\PhpArrayContainer->createService(Array, 'database')
#6 /var/www/html/web/core/lib/Drupal/Component/DependencyInjection/PhpArrayContainer.php(212): Drupal\Component\DependencyInjection\Container->get('database', 1)
#7 /var/www/html/web/core/lib/Drupal/Component/DependencyInjection/PhpArrayContainer.php(62): Drupal\Component\DependencyInjection\PhpArrayContainer->resolveServicesAndParameters(Array)
#8 /var/www/html/web/core/lib/Drupal/Component/DependencyInjection/Container.php(176): Drupal\Component\DependencyInjection\PhpArrayContainer->createService(Array, 'cache.container')
#9 /var/www/html/web/core/lib/Drupal/Core/DrupalKernel.php(549): Drupal\Component\DependencyInjection\Container->get('cache.container')
#10 /var/www/html/web/core/lib/Drupal/Core/DrupalKernel.php(894): Drupal\Core\DrupalKernel->getCachedContainerDefinition()
#11 /var/www/html/web/core/lib/Drupal/Core/DrupalKernel.php(472): Drupal\Core\DrupalKernel->initializeContainer()
#12 /var/www/html/web/core/lib/Drupal/Core/DrupalKernel.php(707): Drupal\Core\DrupalKern
2022/05/27 18:24:51 [error] 33#33: *1 FastCGI sent in stderr: "PHP message: PDOException: SQLSTATE[HY000] [2002] php_network_getaddresses: getaddrinfo failed: Temporary failure in name resolution in /var/www/html/web/core/lib/Drupal/Component/DependencyInjection/PhpArrayContainer.php on line 79 #0 /var/www/html/web/core/lib/Drupal/Core/Database/Driver/mysql/Connection.php(190): PDO->__construct('mysql:host=bai_...', 'root', 'root', Array)
#1 /var/www/html/web/core/lib/Drupal/Core/Database/Database.php(387): Drupal\Core\Database\Driver\mysql\Connection::open(Array)
#2 /var/www/html/web/core/lib/Drupal/Core/Database/Database.php(169): Drupal\Core\Database\Database::openConnection('default', 'default')
#3 [internal function]: Drupal\Core\Database\Database::getConnection('default')
#4 /var/www/html/web/core/lib/Drupal/Component/DependencyInjection/PhpArrayContainer.php(79): call_user_func_array('Drupal\\Core\\Dat...', Array)
#5 /var/www/html/web/core/lib/Drupal/Component/DependencyInjection/Container.php(176): Drupal\Component\DependencyInjection\PhpArrayContainer->createService(Array, 'database')
#6 /var/www/html/web/core/lib/Drupal/Component/DependencyInjection/PhpArrayContainer.php(212): Drupal\Component\DependencyInjection\Container->get('database', 1)
#7 /var/www/html/web/core/lib/Drupal/Component/DependencyInjection/PhpArrayContainer.php(62): Drupal\Component\DependencyInjection\PhpArrayContainer->resolveServicesAndParameters(Array)
#8 /var/www/html/web/core/lib/Drupal/Component/DependencyInjection/Container.php(176): Drupal\Component\DependencyInjection\PhpArrayContainer->createService(Array, 'cache.container')
#9 /var/www/html/web/core/lib/Drupal/Core/DrupalKernel.php(549): Drupal\Component\DependencyInjection\Container->get('cache.container')
#10 /var/www/html/web/core/lib/Drupal/Core/DrupalKernel.php(894): Drupal\Core\DrupalKernel->getCachedContainerDefinition()
#11 /var/www/html/web/core/lib/Drupal/Core/DrupalKernel.php(472): Drupal\Core\DrupalKernel->initializeContainer()
#12 /var/www/html/web/core/lib/D
2022/05/27 18:45:30 [error] 36#36: *4 FastCGI sent in stderr: "PHP message: PDOException: SQLSTATE[HY000] [2002] php_network_getaddresses: getaddrinfo failed: Temporary failure in name resolution in /var/www/html/web/core/lib/Drupal/Component/DependencyInjection/PhpArrayContainer.php on line 79 #0 /var/www/html/web/core/lib/Drupal/Core/Database/Driver/mysql/Connection.php(190): PDO->__construct('mysql:host=bai_...', 'root', 'root', Array)
#1 /var/www/html/web/core/lib/Drupal/Core/Database/Database.php(387): Drupal\Core\Database\Driver\mysql\Connection::open(Array)
#2 /var/www/html/web/core/lib/Drupal/Core/Database/Database.php(169): Drupal\Core\Database\Database::openConnection('default', 'default')
#3 [internal function]: Drupal\Core\Database\Database::getConnection('default')
#4 /var/www/html/web/core/lib/Drupal/Component/DependencyInjection/PhpArrayContainer.php(79): call_user_func_array('Drupal\\Core\\Dat...', Array)
#5 /var/www/html/web/core/lib/Drupal/Component/DependencyInjection/Container.php(176): Drupal\Component\DependencyInjection\PhpArrayContainer->createService(Array, 'database')
#6 /var/www/html/web/core/lib/Drupal/Component/DependencyInjection/PhpArrayContainer.php(212): Drupal\Component\DependencyInjection\Container->get('database', 1)
#7 /var/www/html/web/core/lib/Drupal/Component/DependencyInjection/PhpArrayContainer.php(62): Drupal\Component\DependencyInjection\PhpArrayContainer->resolveServicesAndParameters(Array)
#8 /var/www/html/web/core/lib/Drupal/Component/DependencyInjection/Container.php(176): Drupal\Component\DependencyInjection\PhpArrayContainer->createService(Array, 'cache.container')
#9 /var/www/html/web/core/lib/Drupal/Core/DrupalKernel.php(549): Drupal\Component\DependencyInjection\Container->get('cache.container')
#10 /var/www/html/web/core/lib/Drupal/Core/DrupalKernel.php(894): Drupal\Core\DrupalKernel->getCachedContainerDefinition()
#11 /var/www/html/web/core/lib/Drupal/Core/DrupalKernel.php(472): Drupal\Core\DrupalKernel->initializeContainer()
#12 /var/www/html/web/core/lib/D
2022/05/27 18:49:23 [error] 33#33: *7 FastCGI sent in stderr: "PHP message: PDOException: SQLSTATE[HY000] [2002] No such file or directory in /var/www/html/web/core/lib/Drupal/Component/DependencyInjection/PhpArrayContainer.php on line 79 #0 /var/www/html/web/core/lib/Drupal/Core/Database/Driver/mysql/Connection.php(190): PDO->__construct('mysql:host=loca...', 'root', 'root', Array)
#1 /var/www/html/web/core/lib/Drupal/Core/Database/Database.php(387): Drupal\Core\Database\Driver\mysql\Connection::open(Array)
#2 /var/www/html/web/core/lib/Drupal/Core/Database/Database.php(169): Drupal\Core\Database\Database::openConnection('default', 'default')
#3 [internal function]: Drupal\Core\Database\Database::getConnection('default')
#4 /var/www/html/web/core/lib/Drupal/Component/DependencyInjection/PhpArrayContainer.php(79): call_user_func_array('Drupal\\Core\\Dat...', Array)
#5 /var/www/html/web/core/lib/Drupal/Component/DependencyInjection/Container.php(176): Drupal\Component\DependencyInjection\PhpArrayContainer->createService(Array, 'database')
#6 /var/www/html/web/core/lib/Drupal/Component/DependencyInjection/PhpArrayContainer.php(212): Drupal\Component\DependencyInjection\Container->get('database', 1)
#7 /var/www/html/web/core/lib/Drupal/Component/DependencyInjection/PhpArrayContainer.php(62): Drupal\Component\DependencyInjection\PhpArrayContainer->resolveServicesAndParameters(Array)
#8 /var/www/html/web/core/lib/Drupal/Component/DependencyInjection/Container.php(176): Drupal\Component\DependencyInjection\PhpArrayContainer->createService(Array, 'cache.container')
#9 /var/www/html/web/core/lib/Drupal/Core/DrupalKernel.php(549): Drupal\Component\DependencyInjection\Container->get('cache.container')
#10 /var/www/html/web/core/lib/Drupal/Core/DrupalKernel.php(894): Drupal\Core\DrupalKernel->getCachedContainerDefinition()
#11 /var/www/html/web/core/lib/Drupal/Core/DrupalKernel.php(472): Drupal\Core\DrupalKernel->initializeContainer()
#12 /var/www/html/web/core/lib/Drupal/Core/DrupalKernel.php(707): Drupal\Core\DrupalKerne
2022/05/27 18:49:24 [error] 33#33: *7 FastCGI sent in stderr: "PHP message: PDOException: SQLSTATE[HY000] [2002] No such file or directory in /var/www/html/web/core/lib/Drupal/Component/DependencyInjection/PhpArrayContainer.php on line 79 #0 /var/www/html/web/core/lib/Drupal/Core/Database/Driver/mysql/Connection.php(190): PDO->__construct('mysql:host=loca...', 'root', 'root', Array)
#1 /var/www/html/web/core/lib/Drupal/Core/Database/Database.php(387): Drupal\Core\Database\Driver\mysql\Connection::open(Array)
#2 /var/www/html/web/core/lib/Drupal/Core/Database/Database.php(169): Drupal\Core\Database\Database::openConnection('default', 'default')
#3 [internal function]: Drupal\Core\Database\Database::getConnection('default')
#4 /var/www/html/web/core/lib/Drupal/Component/DependencyInjection/PhpArrayContainer.php(79): call_user_func_array('Drupal\\Core\\Dat...', Array)
#5 /var/www/html/web/core/lib/Drupal/Component/DependencyInjection/Container.php(176): Drupal\Component\DependencyInjection\PhpArrayContainer->createService(Array, 'database')
#6 /var/www/html/web/core/lib/Drupal/Component/DependencyInjection/PhpArrayContainer.php(212): Drupal\Component\DependencyInjection\Container->get('database', 1)
#7 /var/www/html/web/core/lib/Drupal/Component/DependencyInjection/PhpArrayContainer.php(62): Drupal\Component\DependencyInjection\PhpArrayContainer->resolveServicesAndParameters(Array)
#8 /var/www/html/web/core/lib/Drupal/Component/DependencyInjection/Container.php(176): Drupal\Component\DependencyInjection\PhpArrayContainer->createService(Array, 'cache.container')
#9 /var/www/html/web/core/lib/Drupal/Core/DrupalKernel.php(549): Drupal\Component\DependencyInjection\Container->get('cache.container')
#10 /var/www/html/web/core/lib/Drupal/Core/DrupalKernel.php(894): Drupal\Core\DrupalKernel->getCachedContainerDefinition()
#11 /var/www/html/web/core/lib/Drupal/Core/DrupalKernel.php(472): Drupal\Core\DrupalKernel->initializeContainer()
#12 /var/www/html/web/core/lib/Drupal/Core/DrupalKernel.php(707): Drupal\Core\DrupalKerne
2022/05/27 18:52:41 [error] 35#35: *12 FastCGI sent in stderr: "PHP message: PDOException: SQLSTATE[HY000] [2002] Connection refused in /var/www/html/web/core/lib/Drupal/Component/DependencyInjection/PhpArrayContainer.php on line 79 #0 /var/www/html/web/core/lib/Drupal/Core/Database/Driver/mysql/Connection.php(190): PDO->__construct('mysql:host=0.0....', 'root', 'root', Array)
#1 /var/www/html/web/core/lib/Drupal/Core/Database/Database.php(387): Drupal\Core\Database\Driver\mysql\Connection::open(Array)
#2 /var/www/html/web/core/lib/Drupal/Core/Database/Database.php(169): Drupal\Core\Database\Database::openConnection('default', 'default')
#3 [internal function]: Drupal\Core\Database\Database::getConnection('default')
#4 /var/www/html/web/core/lib/Drupal/Component/DependencyInjection/PhpArrayContainer.php(79): call_user_func_array('Drupal\\Core\\Dat...', Array)
#5 /var/www/html/web/core/lib/Drupal/Component/DependencyInjection/Container.php(176): Drupal\Component\DependencyInjection\PhpArrayContainer->createService(Array, 'database')
#6 /var/www/html/web/core/lib/Drupal/Component/DependencyInjection/PhpArrayContainer.php(212): Drupal\Component\DependencyInjection\Container->get('database', 1)
#7 /var/www/html/web/core/lib/Drupal/Component/DependencyInjection/PhpArrayContainer.php(62): Drupal\Component\DependencyInjection\PhpArrayContainer->resolveServicesAndParameters(Array)
#8 /var/www/html/web/core/lib/Drupal/Component/DependencyInjection/Container.php(176): Drupal\Component\DependencyInjection\PhpArrayContainer->createService(Array, 'cache.container')
#9 /var/www/html/web/core/lib/Drupal/Core/DrupalKernel.php(549): Drupal\Component\DependencyInjection\Container->get('cache.container')
#10 /var/www/html/web/core/lib/Drupal/Core/DrupalKernel.php(894): Drupal\Core\DrupalKernel->getCachedContainerDefinition()
#11 /var/www/html/web/core/lib/Drupal/Core/DrupalKernel.php(472): Drupal\Core\DrupalKernel->initializeContainer()
#12 /var/www/html/web/core/lib/Drupal/Core/DrupalKernel.php(707): Drupal\Core\DrupalKernel->boo
2022/05/27 18:52:42 [error] 35#35: *12 FastCGI sent in stderr: "PHP message: PDOException: SQLSTATE[HY000] [2002] Connection refused in /var/www/html/web/core/lib/Drupal/Component/DependencyInjection/PhpArrayContainer.php on line 79 #0 /var/www/html/web/core/lib/Drupal/Core/Database/Driver/mysql/Connection.php(190): PDO->__construct('mysql:host=0.0....', 'root', 'root', Array)
#1 /var/www/html/web/core/lib/Drupal/Core/Database/Database.php(387): Drupal\Core\Database\Driver\mysql\Connection::open(Array)
#2 /var/www/html/web/core/lib/Drupal/Core/Database/Database.php(169): Drupal\Core\Database\Database::openConnection('default', 'default')
#3 [internal function]: Drupal\Core\Database\Database::getConnection('default')
#4 /var/www/html/web/core/lib/Drupal/Component/DependencyInjection/PhpArrayContainer.php(79): call_user_func_array('Drupal\\Core\\Dat...', Array)
#5 /var/www/html/web/core/lib/Drupal/Component/DependencyInjection/Container.php(176): Drupal\Component\DependencyInjection\PhpArrayContainer->createService(Array, 'database')
#6 /var/www/html/web/core/lib/Drupal/Component/DependencyInjection/PhpArrayContainer.php(212): Drupal\Component\DependencyInjection\Container->get('database', 1)
#7 /var/www/html/web/core/lib/Drupal/Component/DependencyInjection/PhpArrayContainer.php(62): Drupal\Component\DependencyInjection\PhpArrayContainer->resolveServicesAndParameters(Array)
#8 /var/www/html/web/core/lib/Drupal/Component/DependencyInjection/Container.php(176): Drupal\Component\DependencyInjection\PhpArrayContainer->createService(Array, 'cache.container')
#9 /var/www/html/web/core/lib/Drupal/Core/DrupalKernel.php(549): Drupal\Component\DependencyInjection\Container->get('cache.container')
#10 /var/www/html/web/core/lib/Drupal/Core/DrupalKernel.php(894): Drupal\Core\DrupalKernel->getCachedContainerDefinition()
#11 /var/www/html/web/core/lib/Drupal/Core/DrupalKernel.php(472): Drupal\Core\DrupalKernel->initializeContainer()
#12 /var/www/html/web/core/lib/Drupal/Core/DrupalKernel.php(707): Drupal\Core\DrupalKernel->boo
2022/05/27 18:52:42 [error] 35#35: *12 FastCGI sent in stderr: "PHP message: PDOException: SQLSTATE[HY000] [2002] Connection refused in /var/www/html/web/core/lib/Drupal/Component/DependencyInjection/PhpArrayContainer.php on line 79 #0 /var/www/html/web/core/lib/Drupal/Core/Database/Driver/mysql/Connection.php(190): PDO->__construct('mysql:host=0.0....', 'root', 'root', Array)
#1 /var/www/html/web/core/lib/Drupal/Core/Database/Database.php(387): Drupal\Core\Database\Driver\mysql\Connection::open(Array)
#2 /var/www/html/web/core/lib/Drupal/Core/Database/Database.php(169): Drupal\Core\Database\Database::openConnection('default', 'default')
#3 [internal function]: Drupal\Core\Database\Database::getConnection('default')
#4 /var/www/html/web/core/lib/Drupal/Component/DependencyInjection/PhpArrayContainer.php(79): call_user_func_array('Drupal\\Core\\Dat...', Array)
#5 /var/www/html/web/core/lib/Drupal/Component/DependencyInjection/Container.php(176): Drupal\Component\DependencyInjection\PhpArrayContainer->createService(Array, 'database')
#6 /var/www/html/web/core/lib/Drupal/Component/DependencyInjection/PhpArrayContainer.php(212): Drupal\Component\DependencyInjection\Container->get('database', 1)
#7 /var/www/html/web/core/lib/Drupal/Component/DependencyInjection/PhpArrayContainer.php(62): Drupal\Component\DependencyInjection\PhpArrayContainer->resolveServicesAndParameters(Array)
#8 /var/www/html/web/core/lib/Drupal/Component/DependencyInjection/Container.php(176): Drupal\Component\DependencyInjection\PhpArrayContainer->createService(Array, 'cache.container')
#9 /var/www/html/web/core/lib/Drupal/Core/DrupalKernel.php(549): Drupal\Component\DependencyInjection\Container->get('cache.container')
#10 /var/www/html/web/core/lib/Drupal/Core/DrupalKernel.php(894): Drupal\Core\DrupalKernel->getCachedContainerDefinition()
#11 /var/www/html/web/core/lib/Drupal/Core/DrupalKernel.php(472): Drupal\Core\DrupalKernel->initializeContainer()
#12 /var/www/html/web/core/lib/Drupal/Core/DrupalKernel.php(707): Drupal\Core\DrupalKernel->boo
